<?xml version="1.0" encoding="UTF-8"?>
<!-- Generated by org.testng.reporters.JUnitReportReporter -->
<testsuite skipped="0" hostname="WIN-BTTDSHHJH2I" name="com.yungui.apis.GetChinanetbgStatisticListTest" tests="1" failures="0" timestamp="12 十一月 2018 01:42:17 GMT" time="2.116" errors="0">
  <testcase name="testGetChinanetbgStatisticList" time="2.116" classname="com.yungui.apis.GetChinanetbgStatisticListTest"/>
</testsuite> <!-- com.yungui.apis.GetChinanetbgStatisticListTest -->
