<?xml version="1.0" encoding="UTF-8"?>
<!-- Generated by org.testng.reporters.JUnitReportReporter -->
<testsuite skipped="0" hostname="WIN-BTTDSHHJH2I" name="com.yungui.api.RegisterAuthentication" tests="1" failures="0" timestamp="14 八月 2018 06:18:59 GMT" time="21.817" errors="0">
  <testcase name="registerAndAuthentication" time="21.817" classname="com.yungui.api.RegisterAuthentication"/>
</testsuite> <!-- com.yungui.api.RegisterAuthentication -->
