<?xml version="1.0" encoding="UTF-8"?>
<!-- Generated by org.testng.reporters.JUnitReportReporter -->
<testsuite skipped="0" hostname="WIN-BTTDSHHJH2I" name="com.yungui.kdybg.apis.SynchroDataToChinanetExceptionTest" tests="1" failures="0" timestamp="29 十一月 2018 07:20:31 GMT" time="3.325" errors="1">
  <testcase name="testSynchroDataToChinanetException" time="3.325" classname="com.yungui.kdybg.apis.SynchroDataToChinanetExceptionTest">
    <error type="com.alibaba.dubbo.rpc.RpcException" message="Failed to invoke the method $invoke in the service com.alibaba.dubbo.rpc.service.GenericService. Tried 3 times of the providers [10.1.166.121:20889, 10.1.166.115:20880, 10.1.166.122:20889] (3/5) from the registry 10.1.166.97:2181 on the consumer 10.1.129.229 using the dubbo version 2.8.4. Last error is: Invoke remote method timeout. method: $invoke, provider: dubbo://10.1.166.121:20889/com.yung.kdybg.service.ChinanetExceptionDubboService?anyhost=true&amp;application=consumer-test&amp;check=false&amp;default.service.filter=tracerFilter,dubboLogFilter&amp;dubbo=2.8.4&amp;generic=true&amp;interface=com.yung.kdybg.service.ChinanetExceptionDubboService&amp;methods=getChinanetExceptionTerminalByDoorIds,synchroDataToChinanetException,getChinanetExceptionList,releaseAllParkException,getChinanetExceptionTerminal,releaseChinanetExceptionTerminal&amp;module=site-servuce-springboot&amp;pid=5820&amp;revision=1.0.0-SNAPSHOT&amp;serverApplicationName=site-servuce-springboot&amp;side=consumer&amp;timestamp=1543476024550&amp;version=1.0.0, cause: Waiting server-side response timeout. start time: 2018-11-29 15:20:26.870, end time: 2018-11-29 15:20:27.871, client elapsed: 0 ms, server elapsed: 1001 ms, timeout: 1000 ms, request: Request [id=27, version=2.0.0, twoway=true, event=false, broken=false, data=RpcInvocation [methodName=$invoke, parameterTypes=[class java.lang.String, class [Ljava.lang.String;, class [Ljava.lang.Object;], arguments=[synchroDataToChinanetException, [Ljava.lang.String;@169fc08, [Ljava.lang.Object;@b12f8a], attachments={path=com.yung.kdybg.service.ChinanetExceptionDubboService, interface=com.yung.kdybg.service.ChinanetExceptionDubboService, version=1.0.0, generic=true}]], channel: /10.1.129.229:2965 -&gt; /10.1.166.121:20889">
      <![CDATA[com.alibaba.dubbo.rpc.RpcException: Failed to invoke the method $invoke in the service com.alibaba.dubbo.rpc.service.GenericService. Tried 3 times of the providers [10.1.166.121:20889, 10.1.166.115:20880, 10.1.166.122:20889] (3/5) from the registry 10.1.166.97:2181 on the consumer 10.1.129.229 using the dubbo version 2.8.4. Last error is: Invoke remote method timeout. method: $invoke, provider: dubbo://10.1.166.121:20889/com.yung.kdybg.service.ChinanetExceptionDubboService?anyhost=true&application=consumer-test&check=false&default.service.filter=tracerFilter,dubboLogFilter&dubbo=2.8.4&generic=true&interface=com.yung.kdybg.service.ChinanetExceptionDubboService&methods=getChinanetExceptionTerminalByDoorIds,synchroDataToChinanetException,getChinanetExceptionList,releaseAllParkException,getChinanetExceptionTerminal,releaseChinanetExceptionTerminal&module=site-servuce-springboot&pid=5820&revision=1.0.0-SNAPSHOT&serverApplicationName=site-servuce-springboot&side=consumer&timestamp=1543476024550&version=1.0.0, cause: Waiting server-side response timeout. start time: 2018-11-29 15:20:26.870, end time: 2018-11-29 15:20:27.871, client elapsed: 0 ms, server elapsed: 1001 ms, timeout: 1000 ms, request: Request [id=27, version=2.0.0, twoway=true, event=false, broken=false, data=RpcInvocation [methodName=$invoke, parameterTypes=[class java.lang.String, class [Ljava.lang.String;, class [Ljava.lang.Object;], arguments=[synchroDataToChinanetException, [Ljava.lang.String;@169fc08, [Ljava.lang.Object;@b12f8a], attachments={path=com.yung.kdybg.service.ChinanetExceptionDubboService, interface=com.yung.kdybg.service.ChinanetExceptionDubboService, version=1.0.0, generic=true}]], channel: /10.1.129.229:2965 -> /10.1.166.121:20889at com.alibaba.dubbo.rpc.cluster.support.FailoverClusterInvoker.doInvoke(FailoverClusterInvoker.java:101)at com.alibaba.dubbo.rpc.cluster.support.AbstractClusterInvoker.invoke(AbstractClusterInvoker.java:227)at com.alibaba.dubbo.rpc.cluster.support.wrapper.MockClusterInvoker.invoke(MockClusterInvoker.java:72)at com.alibaba.dubbo.rpc.proxy.InvokerInvocationHandler.invoke(InvokerInvocationHandler.java:52)at com.alibaba.dubbo.common.bytecode.proxy4.$invoke(proxy4.java)at com.yungui.utils.DubboCallbackUtil.invoke(DubboCallbackUtil.java:120)at com.yungui.kdybg.apis.SynchroDataToChinanetExceptionTest.testSynchroDataToChinanetException(SynchroDataToChinanetExceptionTest.java:35)at sun.reflect.NativeMethodAccessorImpl.invoke0(Native Method)at sun.reflect.NativeMethodAccessorImpl.invoke(NativeMethodAccessorImpl.java:62)at sun.reflect.DelegatingMethodAccessorImpl.invoke(DelegatingMethodAccessorImpl.java:43)at java.lang.reflect.Method.invoke(Method.java:498)at org.testng.internal.MethodInvocationHelper.invokeMethod(MethodInvocationHelper.java:124)at org.testng.internal.Invoker.invokeMethod(Invoker.java:571)at org.testng.internal.Invoker.invokeTestMethod(Invoker.java:707)at org.testng.internal.Invoker.invokeTestMethods(Invoker.java:979)at org.testng.internal.TestMethodWorker.invokeTestMethods(TestMethodWorker.java:125)at org.testng.internal.TestMethodWorker.run(TestMethodWorker.java:109)at org.testng.TestRunner.privateRun(TestRunner.java:648)at org.testng.TestRunner.run(TestRunner.java:505)at org.testng.SuiteRunner.runTest(SuiteRunner.java:455)at org.testng.SuiteRunner.runSequentially(SuiteRunner.java:450)at org.testng.SuiteRunner.privateRun(SuiteRunner.java:415)at org.testng.SuiteRunner.run(SuiteRunner.java:364)at org.testng.SuiteRunnerWorker.runSuite(SuiteRunnerWorker.java:52)at org.testng.SuiteRunnerWorker.run(SuiteRunnerWorker.java:84)at org.testng.TestNG.runSuitesSequentially(TestNG.java:1187)at org.testng.TestNG.runSuitesLocally(TestNG.java:1116)at org.testng.TestNG.runSuites(TestNG.java:1028)at org.testng.TestNG.run(TestNG.java:996)at org.testng.remote.AbstractRemoteTestNG.run(AbstractRemoteTestNG.java:114)at org.testng.remote.RemoteTestNG.initAndRun(RemoteTestNG.java:251)at org.testng.remote.RemoteTestNG.main(RemoteTestNG.java:77)Caused by: com.alibaba.dubbo.remoting.TimeoutException: Waiting server-side response timeout. start time: 2018-11-29 15:20:26.870, end time: 2018-11-29 15:20:27.871, client elapsed: 0 ms, server elapsed: 1001 ms, timeout: 1000 ms, request: Request [id=27, version=2.0.0, twoway=true, event=false, broken=false, data=RpcInvocation [methodName=$invoke, parameterTypes=[class java.lang.String, class [Ljava.lang.String;, class [Ljava.lang.Object;], arguments=[synchroDataToChinanetException, [Ljava.lang.String;@169fc08, [Ljava.lang.Object;@b12f8a], attachments={path=com.yung.kdybg.service.ChinanetExceptionDubboService, interface=com.yung.kdybg.service.ChinanetExceptionDubboService, version=1.0.0, generic=true}]], channel: /10.1.129.229:2965 -> /10.1.166.121:20889at com.alibaba.dubbo.remoting.exchange.support.DefaultFuture.get(DefaultFuture.java:107)at com.alibaba.dubbo.remoting.exchange.support.DefaultFuture.get(DefaultFuture.java:84)at com.alibaba.dubbo.rpc.protocol.dubbo.DubboInvoker.doInvoke(DubboInvoker.java:96)at com.alibaba.dubbo.rpc.protocol.AbstractInvoker.invoke(AbstractInvoker.java:144)at com.alibaba.dubbo.rpc.listener.ListenerInvokerWrapper.invoke(ListenerInvokerWrapper.java:74)at com.alibaba.dubbo.rpc.filter.GenericImplFilter.invoke(GenericImplFilter.java:173)at com.alibaba.dubbo.rpc.protocol.ProtocolFilterWrapper$1.invoke(ProtocolFilterWrapper.java:91)at com.alibaba.dubbo.monitor.support.MonitorFilter.invoke(MonitorFilter.java:75)at com.alibaba.dubbo.rpc.protocol.ProtocolFilterWrapper$1.invoke(ProtocolFilterWrapper.java:91)at com.alibaba.dubbo.rpc.protocol.dubbo.filter.FutureFilter.invoke(FutureFilter.java:53)at com.alibaba.dubbo.rpc.protocol.ProtocolFilterWrapper$1.invoke(ProtocolFilterWrapper.java:91)at com.alibaba.dubbo.rpc.filter.ConsumerContextFilter.invoke(ConsumerContextFilter.java:48)at com.alibaba.dubbo.rpc.protocol.ProtocolFilterWrapper$1.invoke(ProtocolFilterWrapper.java:91)at com.alibaba.dubbo.rpc.protocol.InvokerWrapper.invoke(InvokerWrapper.java:53)at com.alibaba.dubbo.rpc.cluster.support.FailoverClusterInvoker.doInvoke(FailoverClusterInvoker.java:77)... 31 more]]>
    </error>
  </testcase> <!-- testSynchroDataToChinanetException -->
</testsuite> <!-- com.yungui.kdybg.apis.SynchroDataToChinanetExceptionTest -->
