<?xml version="1.0" encoding="UTF-8"?>
<!-- Generated by org.testng.reporters.JUnitReportReporter -->
<testsuite skipped="0" hostname="WIN-BTTDSHHJH2I" name="com.yungui.apis.InitColumnConfigByDeivceIdTest" tests="3" failures="0" timestamp="13 十一月 2018 09:11:43 GMT" time="0.185" errors="0">
  <testcase name="testInitColumnConfigByDeviceId" time="0.138" classname="com.yungui.apis.InitColumnConfigByDeivceIdTest"/>
  <testcase name="testInitColumnConfigByDeviceId" time="0.019" classname="com.yungui.apis.InitColumnConfigByDeivceIdTest"/>
  <testcase name="testInitColumnConfigByDeviceId" time="0.028" classname="com.yungui.apis.InitColumnConfigByDeivceIdTest"/>
</testsuite> <!-- com.yungui.apis.InitColumnConfigByDeivceIdTest -->
