<?xml version="1.0" encoding="UTF-8"?>
<!-- Generated by org.testng.reporters.JUnitReportReporter -->
<testsuite skipped="0" hostname="WIN-BTTDSHHJH2I" name="com.yungui.site.apis.UploadExceptionCellsTest" tests="1" failures="0" timestamp="05 十二月 2018 08:35:20 GMT" time="0.187" errors="0">
  <testcase name="testUploadExceptionCells" time="0.187" classname="com.yungui.site.apis.UploadExceptionCellsTest"/>
</testsuite> <!-- com.yungui.site.apis.UploadExceptionCellsTest -->
