<?xml version="1.0" encoding="UTF-8"?>
<!-- Generated by org.testng.reporters.JUnitReportReporter -->
<testsuite skipped="0" hostname="WIN-BTTDSHHJH2I" name="com.yungui.site.apis.GetDeviceCellByCellIdTest" tests="3" failures="0" timestamp="05 十二月 2018 08:35:20 GMT" time="0.104" errors="0">
  <testcase name="testGetDeviceCellByCellId" time="0.010" classname="com.yungui.site.apis.GetDeviceCellByCellIdTest"/>
  <testcase name="testGetDeviceCellByCellId" time="0.078" classname="com.yungui.site.apis.GetDeviceCellByCellIdTest"/>
  <testcase name="testGetDeviceCellByCellId" time="0.016" classname="com.yungui.site.apis.GetDeviceCellByCellIdTest"/>
</testsuite> <!-- com.yungui.site.apis.GetDeviceCellByCellIdTest -->
