<?xml version="1.0" encoding="UTF-8"?>
<!-- Generated by org.testng.reporters.JUnitReportReporter -->
<testsuite skipped="0" hostname="WIN-BTTDSHHJH2I" name="com.yungui.kdybg.apis.InitColumnConfigByDeivceIdTest" tests="5" failures="0" timestamp="29 十一月 2018 07:20:31 GMT" time="0.607" errors="0">
  <testcase name="testInitColumnConfigByDeviceId" time="0.420" classname="com.yungui.kdybg.apis.InitColumnConfigByDeivceIdTest"/>
  <testcase name="testInitColumnConfigByDeviceId" time="0.047" classname="com.yungui.kdybg.apis.InitColumnConfigByDeivceIdTest"/>
  <testcase name="testInitColumnConfigByDeviceId" time="0.023" classname="com.yungui.kdybg.apis.InitColumnConfigByDeivceIdTest"/>
  <testcase name="testInitColumnConfigByDeviceId" time="0.029" classname="com.yungui.kdybg.apis.InitColumnConfigByDeivceIdTest"/>
  <testcase name="testInitColumnConfigByDeviceId" time="0.088" classname="com.yungui.kdybg.apis.InitColumnConfigByDeivceIdTest"/>
</testsuite> <!-- com.yungui.kdybg.apis.InitColumnConfigByDeivceIdTest -->
