<?xml version="1.0" encoding="UTF-8"?>
<!-- Generated by org.testng.reporters.JUnitReportReporter -->
<testsuite skipped="0" hostname="WIN-BTTDSHHJH2I" name="com.yungui.apis.GetChinaetExceptionListTest" tests="1" failures="0" timestamp="13 十一月 2018 07:23:37 GMT" time="1.419" errors="0">
  <testcase name="testGetChinaetExceptionList" time="1.419" classname="com.yungui.apis.GetChinaetExceptionListTest"/>
</testsuite> <!-- com.yungui.apis.GetChinaetExceptionListTest -->
