<?xml version="1.0" encoding="UTF-8"?>
<!-- Generated by org.testng.reporters.JUnitReportReporter -->
<testsuite skipped="0" hostname="WIN-BTTDSHHJH2I" name="com.yungui.kdybg.apis.CreateKdybgOrderTest" tests="6" failures="0" timestamp="29 十一月 2018 07:20:31 GMT" time="5.075" errors="0">
  <testcase name="testUpdateIsNotPackedByDeviceIdAndTerminalCode" time="4.561" classname="com.yungui.kdybg.apis.CreateKdybgOrderTest"/>
  <testcase name="testUpdateIsNotPackedByDeviceIdAndTerminalCode" time="0.308" classname="com.yungui.kdybg.apis.CreateKdybgOrderTest"/>
  <testcase name="testCreateKdybgOrder" time="0.016" classname="com.yungui.kdybg.apis.CreateKdybgOrderTest"/>
  <testcase name="testCreateKdybgOrder" time="0.089" classname="com.yungui.kdybg.apis.CreateKdybgOrderTest"/>
  <testcase name="testCreateKdybgOrder" time="0.024" classname="com.yungui.kdybg.apis.CreateKdybgOrderTest"/>
  <testcase name="testCreateKdybgOrder" time="0.077" classname="com.yungui.kdybg.apis.CreateKdybgOrderTest"/>
</testsuite> <!-- com.yungui.kdybg.apis.CreateKdybgOrderTest -->
