<?xml version="1.0" encoding="UTF-8"?>
<!-- Generated by org.testng.reporters.JUnitReportReporter -->
<testsuite skipped="0" hostname="WIN-BTTDSHHJH2I" name="com.yungui.site.apis.AllotPostmanCells" tests="1" failures="0" timestamp="03 十二月 2018 08:43:46 GMT" time="1.715" errors="1">
  <testcase name="testAllotPostmanCells" time="1.715" classname="com.yungui.site.apis.AllotPostmanCells">
    <error type="com.alibaba.dubbo.rpc.RpcException" message="Failed to invoke the method $invoke in the service com.alibaba.dubbo.rpc.service.GenericService. Tried 3 times of the providers [10.1.166.121:20889, 10.1.166.122:20889] (2/2) from the registry 10.1.166.97:2181 on the consumer 10.1.129.229 using the dubbo version 2.8.4. Last error is: Failed to invoke remote method: $invoke, provider: dubbo://10.1.166.122:20889/com.yung.site.dubbo.SiteDubboService?anyhost=true&amp;application=consumer-test&amp;check=false&amp;default.service.filter=tracerFilter,dubboLogFilter&amp;dubbo=2.8.4&amp;generic=true&amp;interface=com.yung.site.dubbo.SiteDubboService&amp;methods=allotPostmanCells,updateCellItemStatus,releaseCell,getDeviceCellBySiteIdAndCellCode,setDeviceCellToUsed,cancelDevicePackCell,getSiteAddress,getNotPackedDeputyArkInfo,releaseCellBySiteId,updateContinuePayTime,restoreCellStatus,getSiteIdByDeviceCode,occupyCell,cancelCell,getSiteExpressPrices,clearDeviceCellItemInfo,getDevicePackCell,getDeviceCellByCellId,setCellItemToAbnormal,getPackedDeputyArkInfo,getYundaSiteBySiteId,getSiteManager,getDeputyArkInfo&amp;module=site-servuce-springboot&amp;pid=1796&amp;revision=1.0.0-SNAPSHOT&amp;serverApplicationName=site-servuce-springboot&amp;side=consumer&amp;timestamp=1543826624934&amp;version=1.0.0, cause: Fail to decode request due to: RpcInvocation [methodName=$invoke, parameterTypes=[class java.lang.String, class [Ljava.lang.String;, class [Ljava.lang.Object;], arguments=null, attachments={path=com.yung.site.dubbo.SiteDubboService, input=614, dubbo=2.8.4, version=1.0.0}]">
      <![CDATA[com.alibaba.dubbo.rpc.RpcException: Failed to invoke the method $invoke in the service com.alibaba.dubbo.rpc.service.GenericService. Tried 3 times of the providers [10.1.166.121:20889, 10.1.166.122:20889] (2/2) from the registry 10.1.166.97:2181 on the consumer 10.1.129.229 using the dubbo version 2.8.4. Last error is: Failed to invoke remote method: $invoke, provider: dubbo://10.1.166.122:20889/com.yung.site.dubbo.SiteDubboService?anyhost=true&application=consumer-test&check=false&default.service.filter=tracerFilter,dubboLogFilter&dubbo=2.8.4&generic=true&interface=com.yung.site.dubbo.SiteDubboService&methods=allotPostmanCells,updateCellItemStatus,releaseCell,getDeviceCellBySiteIdAndCellCode,setDeviceCellToUsed,cancelDevicePackCell,getSiteAddress,getNotPackedDeputyArkInfo,releaseCellBySiteId,updateContinuePayTime,restoreCellStatus,getSiteIdByDeviceCode,occupyCell,cancelCell,getSiteExpressPrices,clearDeviceCellItemInfo,getDevicePackCell,getDeviceCellByCellId,setCellItemToAbnormal,getPackedDeputyArkInfo,getYundaSiteBySiteId,getSiteManager,getDeputyArkInfo&module=site-servuce-springboot&pid=1796&revision=1.0.0-SNAPSHOT&serverApplicationName=site-servuce-springboot&side=consumer&timestamp=1543826624934&version=1.0.0, cause: Fail to decode request due to: RpcInvocation [methodName=$invoke, parameterTypes=[class java.lang.String, class [Ljava.lang.String;, class [Ljava.lang.Object;], arguments=null, attachments={path=com.yung.site.dubbo.SiteDubboService, input=614, dubbo=2.8.4, version=1.0.0}]at com.alibaba.dubbo.rpc.cluster.support.FailoverClusterInvoker.doInvoke(FailoverClusterInvoker.java:101)at com.alibaba.dubbo.rpc.cluster.support.AbstractClusterInvoker.invoke(AbstractClusterInvoker.java:227)at com.alibaba.dubbo.rpc.cluster.support.wrapper.MockClusterInvoker.invoke(MockClusterInvoker.java:72)at com.alibaba.dubbo.rpc.proxy.InvokerInvocationHandler.invoke(InvokerInvocationHandler.java:52)at com.alibaba.dubbo.common.bytecode.proxy0.$invoke(proxy0.java)at com.yungui.utils.DubboCallbackUtil.invoke(DubboCallbackUtil.java:120)at com.yungui.site.apis.AllotPostmanCells.testAllotPostmanCells(AllotPostmanCells.java:41)at sun.reflect.NativeMethodAccessorImpl.invoke0(Native Method)at sun.reflect.NativeMethodAccessorImpl.invoke(NativeMethodAccessorImpl.java:62)at sun.reflect.DelegatingMethodAccessorImpl.invoke(DelegatingMethodAccessorImpl.java:43)at java.lang.reflect.Method.invoke(Method.java:498)at org.testng.internal.MethodInvocationHelper.invokeMethod(MethodInvocationHelper.java:124)at org.testng.internal.Invoker.invokeMethod(Invoker.java:571)at org.testng.internal.Invoker.invokeTestMethod(Invoker.java:707)at org.testng.internal.Invoker.invokeTestMethods(Invoker.java:979)at org.testng.internal.TestMethodWorker.invokeTestMethods(TestMethodWorker.java:125)at org.testng.internal.TestMethodWorker.run(TestMethodWorker.java:109)at org.testng.TestRunner.privateRun(TestRunner.java:648)at org.testng.TestRunner.run(TestRunner.java:505)at org.testng.SuiteRunner.runTest(SuiteRunner.java:455)at org.testng.SuiteRunner.runSequentially(SuiteRunner.java:450)at org.testng.SuiteRunner.privateRun(SuiteRunner.java:415)at org.testng.SuiteRunner.run(SuiteRunner.java:364)at org.testng.SuiteRunnerWorker.runSuite(SuiteRunnerWorker.java:52)at org.testng.SuiteRunnerWorker.run(SuiteRunnerWorker.java:84)at org.testng.TestNG.runSuitesSequentially(TestNG.java:1187)at org.testng.TestNG.runSuitesLocally(TestNG.java:1116)at org.testng.TestNG.runSuites(TestNG.java:1028)at org.testng.TestNG.run(TestNG.java:996)at org.testng.remote.AbstractRemoteTestNG.run(AbstractRemoteTestNG.java:114)at org.testng.remote.RemoteTestNG.initAndRun(RemoteTestNG.java:251)at org.testng.remote.RemoteTestNG.main(RemoteTestNG.java:77)Caused by: com.alibaba.dubbo.remoting.RemotingException: Fail to decode request due to: RpcInvocation [methodName=$invoke, parameterTypes=[class java.lang.String, class [Ljava.lang.String;, class [Ljava.lang.Object;], arguments=null, attachments={path=com.yung.site.dubbo.SiteDubboService, input=614, dubbo=2.8.4, version=1.0.0}]at com.alibaba.dubbo.remoting.exchange.support.DefaultFuture.returnFromResponse(DefaultFuture.java:190)at com.alibaba.dubbo.remoting.exchange.support.DefaultFuture.get(DefaultFuture.java:110)at com.alibaba.dubbo.remoting.exchange.support.DefaultFuture.get(DefaultFuture.java:84)at com.alibaba.dubbo.rpc.protocol.dubbo.DubboInvoker.doInvoke(DubboInvoker.java:96)at com.alibaba.dubbo.rpc.protocol.AbstractInvoker.invoke(AbstractInvoker.java:144)at com.alibaba.dubbo.rpc.filter.GenericImplFilter.invoke(GenericImplFilter.java:173)at com.alibaba.dubbo.rpc.protocol.ProtocolFilterWrapper$1.invoke(ProtocolFilterWrapper.java:91)at com.alibaba.dubbo.monitor.support.MonitorFilter.invoke(MonitorFilter.java:75)at com.alibaba.dubbo.rpc.protocol.ProtocolFilterWrapper$1.invoke(ProtocolFilterWrapper.java:91)at com.alibaba.dubbo.rpc.protocol.dubbo.filter.FutureFilter.invoke(FutureFilter.java:53)at com.alibaba.dubbo.rpc.protocol.ProtocolFilterWrapper$1.invoke(ProtocolFilterWrapper.java:91)at com.alibaba.dubbo.rpc.filter.ConsumerContextFilter.invoke(ConsumerContextFilter.java:48)at com.alibaba.dubbo.rpc.protocol.ProtocolFilterWrapper$1.invoke(ProtocolFilterWrapper.java:91)at com.alibaba.dubbo.rpc.listener.ListenerInvokerWrapper.invoke(ListenerInvokerWrapper.java:74)at com.alibaba.dubbo.rpc.protocol.InvokerWrapper.invoke(InvokerWrapper.java:53)at com.alibaba.dubbo.rpc.cluster.support.FailoverClusterInvoker.doInvoke(FailoverClusterInvoker.java:77)... 31 more]]>
    </error>
  </testcase> <!-- testAllotPostmanCells -->
</testsuite> <!-- com.yungui.site.apis.AllotPostmanCells -->
