<?xml version="1.0" encoding="UTF-8"?>
<!-- Generated by org.testng.reporters.JUnitReportReporter -->
<testsuite skipped="0" hostname="WIN-BTTDSHHJH2I" name="com.yungui.api.PayServerTest" tests="1" failures="0" timestamp="14 一月 2018 09:36:23 GMT" time="0.046" errors="0">
  <testcase name="testPay" time="0.046" classname="com.yungui.api.PayServerTest"/>
</testsuite> <!-- com.yungui.api.PayServerTest -->
