<?xml version="1.0" encoding="UTF-8"?>
<!-- Generated by org.testng.reporters.JUnitReportReporter -->
<testsuite skipped="0" hostname="WIN-BTTDSHHJH2I" name="com.yungui.api.TestDemo" tests="1" failures="0" timestamp="26 十二月 2017 10:45:46 GMT" time="0.012" errors="0">
  <testcase name="testDemo" time="0.012" classname="com.yungui.api.TestDemo"/>
</testsuite> <!-- com.yungui.api.TestDemo -->
