<?xml version="1.0" encoding="UTF-8"?>
<!-- Generated by org.testng.reporters.JUnitReportReporter -->
<testsuite skipped="0" hostname="WIN-BTTDSHHJH2I" name="com.yungui.kdybg.apis.GetPostmanPackOutTradeNoTest" tests="5" failures="0" timestamp="29 十一月 2018 07:20:31 GMT" time="0.115" errors="0">
  <testcase name="testGetPostmanPackOutTradeNo" time="0.010" classname="com.yungui.kdybg.apis.GetPostmanPackOutTradeNoTest"/>
  <testcase name="testGetPostmanPackOutTradeNo" time="0.010" classname="com.yungui.kdybg.apis.GetPostmanPackOutTradeNoTest"/>
  <testcase name="testGetPostmanPackOutTradeNo" time="0.051" classname="com.yungui.kdybg.apis.GetPostmanPackOutTradeNoTest"/>
  <testcase name="testGetPostmanPackOutTradeNo" time="0.015" classname="com.yungui.kdybg.apis.GetPostmanPackOutTradeNoTest"/>
  <testcase name="testGetPostmanPackOutTradeNo" time="0.029" classname="com.yungui.kdybg.apis.GetPostmanPackOutTradeNoTest"/>
</testsuite> <!-- com.yungui.kdybg.apis.GetPostmanPackOutTradeNoTest -->
