<?xml version="1.0" encoding="UTF-8"?>
<!-- Generated by org.testng.reporters.JUnitReportReporter -->
<testsuite skipped="0" hostname="WIN-BTTDSHHJH2I" name="com.yungui.api.DubboHttpTest" tests="1" failures="0" timestamp="07 十一月 2018 08:33:58 GMT" time="2.922" errors="0">
  <testcase name="testDubboHttp" time="2.922" classname="com.yungui.api.DubboHttpTest"/>
</testsuite> <!-- com.yungui.api.DubboHttpTest -->
