<?xml version="1.0" encoding="UTF-8"?>
<!-- Generated by org.testng.reporters.JUnitReportReporter -->
<testsuite skipped="0" hostname="WIN-BTTDSHHJH2I" name="com.yungui.site.apis.GetCellNumsByUserAccountTest" tests="1" failures="0" timestamp="05 十二月 2018 08:35:20 GMT" time="1.522" errors="0">
  <testcase name="testGetCellNumsByUserAccount" time="1.522" classname="com.yungui.site.apis.GetCellNumsByUserAccountTest"/>
</testsuite> <!-- com.yungui.site.apis.GetCellNumsByUserAccountTest -->
