<?xml version="1.0" encoding="UTF-8"?>
<!-- Generated by org.testng.reporters.JUnitReportReporter -->
<testsuite skipped="0" hostname="WIN-BTTDSHHJH2I" name="com.yungui.kdybg.apis.PackTerminalTest" tests="3" failures="0" timestamp="29 十一月 2018 07:20:31 GMT" time="0.297" errors="0">
  <testcase name="testPackTerminal" time="0.133" classname="com.yungui.kdybg.apis.PackTerminalTest"/>
  <testcase name="testPackTerminal" time="0.116" classname="com.yungui.kdybg.apis.PackTerminalTest"/>
  <testcase name="testPackTerminal" time="0.048" classname="com.yungui.kdybg.apis.PackTerminalTest"/>
</testsuite> <!-- com.yungui.kdybg.apis.PackTerminalTest -->
