<?xml version="1.0" encoding="UTF-8"?>
<!-- Generated by org.testng.reporters.JUnitReportReporter -->
<testsuite skipped="0" hostname="WIN-BTTDSHHJH2I" name="com.yungui.apis.AddDeviceIntendTest" tests="1" failures="0" timestamp="13 十一月 2018 06:58:48 GMT" time="1.569" errors="0">
  <testcase name="testAddDeviceIntend" time="1.569" classname="com.yungui.apis.AddDeviceIntendTest"/>
</testsuite> <!-- com.yungui.apis.AddDeviceIntendTest -->
