<?xml version="1.0" encoding="UTF-8"?>
<!-- Generated by org.testng.reporters.JUnitReportReporter -->
<testsuite skipped="0" hostname="WIN-BTTDSHHJH2I" name="com.yungui.apis.CreatePostmanDeviceTest" tests="1" failures="0" timestamp="12 十一月 2018 09:18:17 GMT" time="0.011" errors="1">
  <testcase name="testCreatePostmanDevice" time="0.011" classname="com.yungui.apis.CreatePostmanDeviceTest">
    <error type="org.testng.internal.reflect.MethodMatcherException" message="
Data provider mismatch
Method: testCreatePostmanDevice([Parameter{index=0, type=long, declaredAnnotations=[]}, Parameter{index=1, type=long, declaredAnnotations=[]}, Parameter{index=2, type=int, declaredAnnotations=[]}, Parameter{index=3, type=int, declaredAnnotations=[]}, Parameter{index=4, type=int, declaredAnnotations=[]}, Parameter{index=5, type=java.math.BigDecimal, declaredAnnotations=[]}, Parameter{index=6, type=java.lang.String, declaredAnnotations=[]}, Parameter{index=7, type=int, declaredAnnotations=[]}, Parameter{index=8, type=java.lang.String, declaredAnnotations=[]}, Parameter{index=9, type=java.lang.String, declaredAnnotations=[]}, Parameter{index=10, type=java.lang.String, declaredAnnotations=[]}, Parameter{index=11, type=java.lang.String, declaredAnnotations=[]}, Parameter{index=12, type=java.lang.String, declaredAnnotations=[]}, Parameter{index=13, type=java.lang.String, declaredAnnotations=[]}, Parameter{index=14, type=int, declaredAnnotations=[]}, Parameter{index=15, type=int, declaredAnnotations=[]}, Parameter{index=16, type=int, declaredAnnotations=[]}, Parameter{index=17, type=int, declaredAnnotations=[]}, Parameter{index=18, type=java.lang.String, declaredAnnotations=[]}, Parameter{index=19, type=java.lang.String, declaredAnnotations=[]}, Parameter{index=20, type=java.lang.String, declaredAnnotations=[]}, Parameter{index=21, type=int, declaredAnnotations=[]}, Parameter{index=22, type=java.lang.String, declaredAnnotations=[]}, Parameter{index=23, type=int, declaredAnnotations=[]}, Parameter{index=24, type=java.lang.String, declaredAnnotations=[]}, Parameter{index=25, type=int, declaredAnnotations=[]}, Parameter{index=26, type=java.math.BigDecimal, declaredAnnotations=[]}, Parameter{index=27, type=java.math.BigDecimal, declaredAnnotations=[]}, Parameter{index=28, type=java.math.BigDecimal, declaredAnnotations=[]}, Parameter{index=29, type=java.math.BigDecimal, declaredAnnotations=[]}])
Arguments: [(java.lang.Long) 3033,(java.lang.Long) 1000,(java.lang.Integer) 5,(java.lang.Integer) 2,(java.lang.Integer) 10,(java.lang.Double) 1.0,(java.lang.String) admin,(java.lang.Integer) 22,(java.lang.String) 0.99,(java.lang.String) 国际外包服务大厦,(java.lang.String) 8D11E6A6F4384F023,(java.lang.String) OJS-NJ-0129302,(java.lang.String) 3栋食堂,(java.lang.String) 南京市鼓楼区汉中门大街301号国际服务外包大厦1幢云柜,(java.lang.Integer) 2,(java.lang.Integer) 1,(java.lang.Integer) 8,(java.lang.Integer) 4249,(java.lang.String) 南京区,(java.lang.String) 157,(java.lang.String) 江苏,(java.lang.Integer) 438,(java.lang.String) 南京,(java.lang.Integer) 440,(java.lang.String) 华东,(java.lang.Integer) 0,(java.lang.Double) 1.11,(java.lang.Double) 2.22,(java.lang.Double) 3.33,(java.lang.Double) 4.44]">
      <![CDATA[org.testng.internal.reflect.MethodMatcherException: Data provider mismatchMethod: testCreatePostmanDevice([Parameter{index=0, type=long, declaredAnnotations=[]}, Parameter{index=1, type=long, declaredAnnotations=[]}, Parameter{index=2, type=int, declaredAnnotations=[]}, Parameter{index=3, type=int, declaredAnnotations=[]}, Parameter{index=4, type=int, declaredAnnotations=[]}, Parameter{index=5, type=java.math.BigDecimal, declaredAnnotations=[]}, Parameter{index=6, type=java.lang.String, declaredAnnotations=[]}, Parameter{index=7, type=int, declaredAnnotations=[]}, Parameter{index=8, type=java.lang.String, declaredAnnotations=[]}, Parameter{index=9, type=java.lang.String, declaredAnnotations=[]}, Parameter{index=10, type=java.lang.String, declaredAnnotations=[]}, Parameter{index=11, type=java.lang.String, declaredAnnotations=[]}, Parameter{index=12, type=java.lang.String, declaredAnnotations=[]}, Parameter{index=13, type=java.lang.String, declaredAnnotations=[]}, Parameter{index=14, type=int, declaredAnnotations=[]}, Parameter{index=15, type=int, declaredAnnotations=[]}, Parameter{index=16, type=int, declaredAnnotations=[]}, Parameter{index=17, type=int, declaredAnnotations=[]}, Parameter{index=18, type=java.lang.String, declaredAnnotations=[]}, Parameter{index=19, type=java.lang.String, declaredAnnotations=[]}, Parameter{index=20, type=java.lang.String, declaredAnnotations=[]}, Parameter{index=21, type=int, declaredAnnotations=[]}, Parameter{index=22, type=java.lang.String, declaredAnnotations=[]}, Parameter{index=23, type=int, declaredAnnotations=[]}, Parameter{index=24, type=java.lang.String, declaredAnnotations=[]}, Parameter{index=25, type=int, declaredAnnotations=[]}, Parameter{index=26, type=java.math.BigDecimal, declaredAnnotations=[]}, Parameter{index=27, type=java.math.BigDecimal, declaredAnnotations=[]}, Parameter{index=28, type=java.math.BigDecimal, declaredAnnotations=[]}, Parameter{index=29, type=java.math.BigDecimal, declaredAnnotations=[]}])Arguments: [(java.lang.Long) 3033,(java.lang.Long) 1000,(java.lang.Integer) 5,(java.lang.Integer) 2,(java.lang.Integer) 10,(java.lang.Double) 1.0,(java.lang.String) admin,(java.lang.Integer) 22,(java.lang.String) 0.99,(java.lang.String) 国际外包服务大厦,(java.lang.String) 8D11E6A6F4384F023,(java.lang.String) OJS-NJ-0129302,(java.lang.String) 3栋食堂,(java.lang.String) 南京市鼓楼区汉中门大街301号国际服务外包大厦1幢云柜,(java.lang.Integer) 2,(java.lang.Integer) 1,(java.lang.Integer) 8,(java.lang.Integer) 4249,(java.lang.String) 南京区,(java.lang.String) 157,(java.lang.String) 江苏,(java.lang.Integer) 438,(java.lang.String) 南京,(java.lang.Integer) 440,(java.lang.String) 华东,(java.lang.Integer) 0,(java.lang.Double) 1.11,(java.lang.Double) 2.22,(java.lang.Double) 3.33,(java.lang.Double) 4.44]at org.testng.internal.reflect.DataProviderMethodMatcher.getConformingArguments(DataProviderMethodMatcher.java:45)at org.testng.internal.Parameters.injectParameters(Parameters.java:796)at org.testng.internal.Invoker.invokeTestMethods(Invoker.java:973)at org.testng.internal.TestMethodWorker.invokeTestMethods(TestMethodWorker.java:125)at org.testng.internal.TestMethodWorker.run(TestMethodWorker.java:109)at org.testng.TestRunner.privateRun(TestRunner.java:648)at org.testng.TestRunner.run(TestRunner.java:505)at org.testng.SuiteRunner.runTest(SuiteRunner.java:455)at org.testng.SuiteRunner.runSequentially(SuiteRunner.java:450)at org.testng.SuiteRunner.privateRun(SuiteRunner.java:415)at org.testng.SuiteRunner.run(SuiteRunner.java:364)at org.testng.SuiteRunnerWorker.runSuite(SuiteRunnerWorker.java:52)at org.testng.SuiteRunnerWorker.run(SuiteRunnerWorker.java:84)at org.testng.TestNG.runSuitesSequentially(TestNG.java:1187)at org.testng.TestNG.runSuitesLocally(TestNG.java:1116)at org.testng.TestNG.runSuites(TestNG.java:1028)at org.testng.TestNG.run(TestNG.java:996)at org.testng.remote.AbstractRemoteTestNG.run(AbstractRemoteTestNG.java:114)at org.testng.remote.RemoteTestNG.initAndRun(RemoteTestNG.java:251)at org.testng.remote.RemoteTestNG.main(RemoteTestNG.java:77)]]>
    </error>
  </testcase> <!-- testCreatePostmanDevice -->
</testsuite> <!-- com.yungui.apis.CreatePostmanDeviceTest -->
