<?xml version="1.0" encoding="UTF-8"?>
<!-- Generated by org.testng.reporters.JUnitReportReporter -->
<testsuite skipped="0" hostname="WIN-BTTDSHHJH2I" name="com.yungui.kdybg.apis.GetTerminalPostmanPackTest" tests="8" failures="0" timestamp="29 十一月 2018 07:20:31 GMT" time="0.168" errors="0">
  <testcase name="testGetTerminalPostmanPack" time="0.010" classname="com.yungui.kdybg.apis.GetTerminalPostmanPackTest"/>
  <testcase name="testGetTerminalPostmanPack" time="0.022" classname="com.yungui.kdybg.apis.GetTerminalPostmanPackTest"/>
  <testcase name="testGetTerminalPostmanPack" time="0.023" classname="com.yungui.kdybg.apis.GetTerminalPostmanPackTest"/>
  <testcase name="testGetTerminalPostmanPack" time="0.011" classname="com.yungui.kdybg.apis.GetTerminalPostmanPackTest"/>
  <testcase name="testGetTerminalPostmanPack" time="0.010" classname="com.yungui.kdybg.apis.GetTerminalPostmanPackTest"/>
  <testcase name="testGetTerminalPostmanPack" time="0.019" classname="com.yungui.kdybg.apis.GetTerminalPostmanPackTest"/>
  <testcase name="testGetTerminalPostmanPack" time="0.012" classname="com.yungui.kdybg.apis.GetTerminalPostmanPackTest"/>
  <testcase name="testGetTerminalPostmanPack" time="0.061" classname="com.yungui.kdybg.apis.GetTerminalPostmanPackTest"/>
</testsuite> <!-- com.yungui.kdybg.apis.GetTerminalPostmanPackTest -->
