<?xml version="1.0" encoding="UTF-8"?>
<!-- Generated by org.testng.reporters.JUnitReportReporter -->
<testsuite skipped="0" hostname="WIN-BTTDSHHJH2I" name="com.yungui.kdybg.apis.GetChinanetbgStatisticListTest" tests="1" failures="0" timestamp="27 十一月 2018 09:12:18 GMT" time="2.091" errors="0">
  <testcase name="testGetChinanetbgStatisticList" time="2.091" classname="com.yungui.kdybg.apis.GetChinanetbgStatisticListTest"/>
</testsuite> <!-- com.yungui.kdybg.apis.GetChinanetbgStatisticListTest -->
