<?xml version="1.0" encoding="UTF-8"?>
<!-- Generated by org.testng.reporters.JUnitReportReporter -->
<testsuite skipped="0" hostname="WIN-BTTDSHHJH2I" name="com.yungui.apis.CreateKdybgOrderTest" tests="4" failures="0" timestamp="27 十一月 2018 03:09:24 GMT" time="1.391" errors="0">
  <testcase name="testUpdateIsNotPackedByDeviceIdAndTerminalCode" time="1.296" classname="com.yungui.apis.CreateKdybgOrderTest"/>
  <testcase name="testUpdateIsNotPackedByDeviceIdAndTerminalCode" time="0.016" classname="com.yungui.apis.CreateKdybgOrderTest"/>
  <testcase name="testCreateKdybgOrder" time="0.031" classname="com.yungui.apis.CreateKdybgOrderTest"/>
  <testcase name="testCreateKdybgOrder" time="0.048" classname="com.yungui.apis.CreateKdybgOrderTest"/>
</testsuite> <!-- com.yungui.apis.CreateKdybgOrderTest -->
