<?xml version="1.0" encoding="UTF-8"?>
<!-- Generated by org.testng.reporters.JUnitReportReporter -->
<testsuite skipped="0" hostname="WIN-BTTDSHHJH2I" name="com.yungui.kdybg.apis.DeleteTerminalPostmanPackByIdTest" tests="1" failures="0" timestamp="29 十一月 2018 07:20:31 GMT" time="0.013" errors="0">
  <testcase name="testDeleteTerminalPostmanPackById" time="0.013" classname="com.yungui.kdybg.apis.DeleteTerminalPostmanPackByIdTest"/>
</testsuite> <!-- com.yungui.kdybg.apis.DeleteTerminalPostmanPackByIdTest -->
