<?xml version="1.0" encoding="UTF-8"?>
<!-- Generated by org.testng.reporters.JUnitReportReporter -->
<testsuite skipped="0" hostname="WIN-BTTDSHHJH2I" name="com.yungui.kdybg.apis.GetChinaetExceptionListTest" tests="1" failures="0" timestamp="28 十一月 2018 01:13:13 GMT" time="1.655" errors="0">
  <testcase name="testGetChinaetExceptionList" time="1.655" classname="com.yungui.kdybg.apis.GetChinaetExceptionListTest"/>
</testsuite> <!-- com.yungui.kdybg.apis.GetChinaetExceptionListTest -->
