<?xml version="1.0" encoding="UTF-8"?>
<!-- Generated by org.testng.reporters.JUnitReportReporter -->
<testsuite skipped="0" hostname="WIN-BTTDSHHJH2I" name="com.yungui.apis.DelDeviceIntendTest" tests="2" failures="0" timestamp="13 十一月 2018 09:11:43 GMT" time="0.318" errors="0">
  <testcase name="testDelDeviceIntend" time="0.017" classname="com.yungui.apis.DelDeviceIntendTest"/>
  <testcase name="testDelDeviceIntend" time="0.301" classname="com.yungui.apis.DelDeviceIntendTest"/>
</testsuite> <!-- com.yungui.apis.DelDeviceIntendTest -->
