<?xml version="1.0" encoding="UTF-8"?>
<!-- Generated by org.testng.reporters.JUnitReportReporter -->
<testsuite skipped="0" hostname="WIN-BTTDSHHJH2I" name="com.yungui.kdybg.apis.DelDeviceIntendTest" tests="5" failures="0" timestamp="29 十一月 2018 07:20:31 GMT" time="0.391" errors="0">
  <testcase name="testDelDeviceIntend" time="0.342" classname="com.yungui.kdybg.apis.DelDeviceIntendTest"/>
  <testcase name="testDelDeviceIntend" time="0.009" classname="com.yungui.kdybg.apis.DelDeviceIntendTest"/>
  <testcase name="testDelDeviceIntend" time="0.010" classname="com.yungui.kdybg.apis.DelDeviceIntendTest"/>
  <testcase name="testDelDeviceIntend" time="0.011" classname="com.yungui.kdybg.apis.DelDeviceIntendTest"/>
  <testcase name="testDelDeviceIntend" time="0.019" classname="com.yungui.kdybg.apis.DelDeviceIntendTest"/>
</testsuite> <!-- com.yungui.kdybg.apis.DelDeviceIntendTest -->
