<?xml version="1.0" encoding="UTF-8"?>
<!-- Generated by org.testng.reporters.JUnitReportReporter -->
<testsuite skipped="0" hostname="WIN-BTTDSHHJH2I" name="com.yungui.kdybg.apis.GetChinanetExceptionTerminalByDoorIdsTest" tests="5" failures="0" timestamp="30 十一月 2018 02:05:00 GMT" time="3.593" errors="0">
  <testcase name="testGetChinanetExceptionTerminalByDoorIds" time="0.952" classname="com.yungui.kdybg.apis.GetChinanetExceptionTerminalByDoorIdsTest"/>
  <testcase name="testGetChinanetExceptionTerminalByDoorIds" time="0.012" classname="com.yungui.kdybg.apis.GetChinanetExceptionTerminalByDoorIdsTest"/>
  <testcase name="testGetChinanetExceptionTerminalByDoorIds" time="0.012" classname="com.yungui.kdybg.apis.GetChinanetExceptionTerminalByDoorIdsTest"/>
  <testcase name="testGetChinanetExceptionTerminalByDoorIds" time="2.598" classname="com.yungui.kdybg.apis.GetChinanetExceptionTerminalByDoorIdsTest"/>
  <testcase name="testGetChinanetExceptionTerminalByDoorIds" time="0.019" classname="com.yungui.kdybg.apis.GetChinanetExceptionTerminalByDoorIdsTest"/>
</testsuite> <!-- com.yungui.kdybg.apis.GetChinanetExceptionTerminalByDoorIdsTest -->
