<?xml version="1.0" encoding="UTF-8"?>
<!-- Generated by org.testng.reporters.JUnitReportReporter -->
<testsuite skipped="0" hostname="WIN-BTTDSHHJH2I" name="com.yungui.site.apis.GetDevicePackCellTest" tests="2" failures="0" timestamp="05 十二月 2018 08:35:20 GMT" time="0.023" errors="0">
  <testcase name="testGetDevicePackCell" time="0.013" classname="com.yungui.site.apis.GetDevicePackCellTest"/>
  <testcase name="testGetDevicePackCell" time="0.010" classname="com.yungui.site.apis.GetDevicePackCellTest"/>
</testsuite> <!-- com.yungui.site.apis.GetDevicePackCellTest -->
