<?xml version="1.0" encoding="UTF-8"?>
<!-- Generated by org.testng.reporters.JUnitReportReporter -->
<testsuite skipped="0" hostname="WIN-BTTDSHHJH2I" name="com.yungui.apis.GetPreOpenTimeByDeviceIdAndTerminalCodesTest" tests="1" failures="0" timestamp="13 十一月 2018 09:11:43 GMT" time="0.319" errors="0">
  <testcase name="testGetPreOpenTime" time="0.319" classname="com.yungui.apis.GetPreOpenTimeByDeviceIdAndTerminalCodesTest"/>
</testsuite> <!-- com.yungui.apis.GetPreOpenTimeByDeviceIdAndTerminalCodesTest -->
