<?xml version="1.0" encoding="UTF-8"?>
<!-- Generated by org.testng.reporters.JUnitReportReporter -->
<testsuite skipped="0" hostname="WIN-BTTDSHHJH2I" name="com.yungui.kdybg.apis.GetDeviceIntendListTest" tests="2" failures="0" timestamp="29 十一月 2018 07:20:31 GMT" time="0.120" errors="0">
  <testcase name="testGetDeviceIntendList" time="0.105" classname="com.yungui.kdybg.apis.GetDeviceIntendListTest"/>
  <testcase name="testGetDeviceIntendList" time="0.015" classname="com.yungui.kdybg.apis.GetDeviceIntendListTest"/>
</testsuite> <!-- com.yungui.kdybg.apis.GetDeviceIntendListTest -->
