<?xml version="1.0" encoding="UTF-8"?>
<!-- Generated by org.testng.reporters.JUnitReportReporter -->
<testsuite skipped="0" hostname="WIN-BTTDSHHJH2I" name="com.yungui.apis.GetTerminalPostmanPackByIdTest" tests="3" failures="0" timestamp="13 十一月 2018 09:11:43 GMT" time="0.032" errors="0">
  <testcase name="testGetTerminalPostmanPackById" time="0.016" classname="com.yungui.apis.GetTerminalPostmanPackByIdTest"/>
  <testcase name="testGetTerminalPostmanPackById" time="0.008" classname="com.yungui.apis.GetTerminalPostmanPackByIdTest"/>
  <testcase name="testGetTerminalPostmanPackById" time="0.008" classname="com.yungui.apis.GetTerminalPostmanPackByIdTest"/>
</testsuite> <!-- com.yungui.apis.GetTerminalPostmanPackByIdTest -->
