<?xml version="1.0" encoding="UTF-8"?>
<!-- Generated by org.testng.reporters.JUnitReportReporter -->
<testsuite skipped="0" hostname="WIN-BTTDSHHJH2I" name="com.yungui.api.SearchBookApiTest" tests="4" failures="0" timestamp="14 八月 2018 06:15:21 GMT" time="0.086" errors="0">
  <testcase name="testSearchBook" time="0.018" classname="com.yungui.api.SearchBookApiTest"/>
  <testcase name="testSearchBook" time="0.018" classname="com.yungui.api.SearchBookApiTest"/>
  <testcase name="testSearchBook" time="0.019" classname="com.yungui.api.SearchBookApiTest"/>
  <testcase name="testSearchBook" time="0.031" classname="com.yungui.api.SearchBookApiTest"/>
</testsuite> <!-- com.yungui.api.SearchBookApiTest -->
