<?xml version="1.0" encoding="UTF-8"?>
<!-- Generated by org.testng.reporters.JUnitReportReporter -->
<testsuite skipped="0" hostname="WIN-BTTDSHHJH2I" name="com.yungui.apis.UpdateIsNotPackedByDeviceIdAndTerminalCodeTest" tests="2" failures="0" timestamp="26 十一月 2018 03:40:51 GMT" time="1.499" errors="0">
  <testcase name="testUpdateIsNotPackedByDeviceIdAndTerminalCode" time="0.016" classname="com.yungui.apis.UpdateIsNotPackedByDeviceIdAndTerminalCodeTest"/>
  <testcase name="testUpdateIsNotPackedByDeviceIdAndTerminalCode" time="1.483" classname="com.yungui.apis.UpdateIsNotPackedByDeviceIdAndTerminalCodeTest"/>
</testsuite> <!-- com.yungui.apis.UpdateIsNotPackedByDeviceIdAndTerminalCodeTest -->
