<?xml version="1.0" encoding="UTF-8"?>
<!-- Generated by org.testng.reporters.JUnitReportReporter -->
<testsuite skipped="0" hostname="WIN-BTTDSHHJH2I" name="com.yungui.apis.UserQueryTest" tests="1" failures="0" timestamp="08 十一月 2018 06:01:38 GMT" time="1.469" errors="0">
  <testcase name="testUserQuery" time="1.469" classname="com.yungui.apis.UserQueryTest"/>
</testsuite> <!-- com.yungui.apis.UserQueryTest -->
