<?xml version="1.0" encoding="UTF-8"?>
<!-- Generated by org.testng.reporters.JUnitReportReporter -->
<testsuite skipped="0" hostname="WIN-BTTDSHHJH2I" name="com.yungui.kdybg.apis.GetTerminalPostmanPackByIdTest" tests="3" failures="0" timestamp="29 十一月 2018 07:20:31 GMT" time="0.051" errors="0">
  <testcase name="testGetTerminalPostmanPackById" time="0.028" classname="com.yungui.kdybg.apis.GetTerminalPostmanPackByIdTest"/>
  <testcase name="testGetTerminalPostmanPackById" time="0.014" classname="com.yungui.kdybg.apis.GetTerminalPostmanPackByIdTest"/>
  <testcase name="testGetTerminalPostmanPackById" time="0.009" classname="com.yungui.kdybg.apis.GetTerminalPostmanPackByIdTest"/>
</testsuite> <!-- com.yungui.kdybg.apis.GetTerminalPostmanPackByIdTest -->
