<?xml version="1.0" encoding="UTF-8"?>
<!-- Generated by org.testng.reporters.JUnitReportReporter -->
<testsuite skipped="0" hostname="WIN-BTTDSHHJH2I" name="com.yungui.site.apis.AllotPostmanCellsTest" tests="1" failures="0" timestamp="06 十二月 2018 03:21:14 GMT" time="1.464" errors="0">
  <testcase name="testAllotPostmanCells" time="1.464" classname="com.yungui.site.apis.AllotPostmanCellsTest"/>
</testsuite> <!-- com.yungui.site.apis.AllotPostmanCellsTest -->
